30-09-2020 20:54:54.269 [main] INFO  com.inicu.main.InicuApplication.<init> - Logger Enabled ::
30-09-2020 20:54:54.945 [main] INFO  com.inicu.main.InicuApplication.logStarting - Starting InicuApplication on LAPTOP-CECFIR4G with PID 8352 (C:\Users\monika\chil\target\classes started by monika in C:\Users\monika\chil)
30-09-2020 20:54:55.132 [main] INFO  org.springframework.boot.logging.ClasspathLoggingApplicationListener.onApplicationEvent - Application failed to start with classpath: unknown
30-09-2020 20:54:55.139 [main] ERROR org.springframework.boot.SpringApplication.run - Application startup failed
org.codehaus.groovy.GroovyBugError: BUG! UNCAUGHT EXCEPTION: java.lang.invoke.MethodHandles$Lookup.<init>(java.lang.Class,int)
	at org.codehaus.groovy.vmplugin.v7.Java7.<clinit>(Java7.java:44) ~[groovy-2.3.11.jar:2.3.11]
	at java.base/jdk.internal.reflect.NativeConstructorAccessorImpl.newInstance0(Native Method) ~[na:na]
	at java.base/jdk.internal.reflect.NativeConstructorAccessorImpl.newInstance(NativeConstructorAccessorImpl.java:62) ~[na:na]
	at java.base/jdk.internal.reflect.DelegatingConstructorAccessorImpl.newInstance(DelegatingConstructorAccessorImpl.java:45) ~[na:na]
	at java.base/java.lang.reflect.Constructor.newInstanceWithCaller(Constructor.java:500) ~[na:na]
	at java.base/java.lang.reflect.ReflectAccess.newInstance(ReflectAccess.java:124) ~[na:na]
	at java.base/jdk.internal.reflect.ReflectionFactory.newInstance(ReflectionFactory.java:346) ~[na:na]
	at java.base/java.lang.Class.newInstance(Class.java:604) ~[na:na]
	at org.codehaus.groovy.vmplugin.VMPluginFactory.createPlugin(VMPluginFactory.java:56) ~[groovy-2.3.11.jar:2.3.11]
	at org.codehaus.groovy.vmplugin.VMPluginFactory.<clinit>(VMPluginFactory.java:37) ~[groovy-2.3.11.jar:2.3.11]
	at org.codehaus.groovy.runtime.metaclass.MetaClassRegistryImpl.<init>(MetaClassRegistryImpl.java:99) ~[groovy-2.3.11.jar:2.3.11]
	at org.codehaus.groovy.runtime.metaclass.MetaClassRegistryImpl.<init>(MetaClassRegistryImpl.java:71) ~[groovy-2.3.11.jar:2.3.11]
	at groovy.lang.GroovySystem.<clinit>(GroovySystem.java:33) ~[groovy-2.3.11.jar:2.3.11]
	at org.springframework.beans.factory.groovy.GroovyBeanDefinitionReader.<init>(GroovyBeanDefinitionReader.java:151) ~[spring-beans-4.1.7.RELEASE.jar:4.1.7.RELEASE]
	at org.springframework.boot.BeanDefinitionLoader.<init>(BeanDefinitionLoader.java:84) ~[spring-boot-1.2.5.RELEASE.jar:1.2.5.RELEASE]
	at org.springframework.boot.SpringApplication.createBeanDefinitionLoader(SpringApplication.java:663) ~[spring-boot-1.2.5.RELEASE.jar:1.2.5.RELEASE]
	at org.springframework.boot.SpringApplication.load(SpringApplication.java:604) ~[spring-boot-1.2.5.RELEASE.jar:1.2.5.RELEASE]
	at org.springframework.boot.SpringApplication.run(SpringApplication.java:314) ~[spring-boot-1.2.5.RELEASE.jar:1.2.5.RELEASE]
	at org.springframework.boot.SpringApplication.run(SpringApplication.java:957) ~[spring-boot-1.2.5.RELEASE.jar:1.2.5.RELEASE]
	at org.springframework.boot.SpringApplication.run(SpringApplication.java:946) ~[spring-boot-1.2.5.RELEASE.jar:1.2.5.RELEASE]
	at com.inicu.main.InicuApplication.main(InicuApplication.java:113) ~[classes/:na]
Caused by: java.lang.NoSuchMethodException: java.lang.invoke.MethodHandles$Lookup.<init>(java.lang.Class,int)
	at java.base/java.lang.Class.getConstructor0(Class.java:3427) ~[na:na]
	at java.base/java.lang.Class.getDeclaredConstructor(Class.java:2631) ~[na:na]
	at org.codehaus.groovy.vmplugin.v7.Java7.<clinit>(Java7.java:42) ~[groovy-2.3.11.jar:2.3.11]
	... 20 common frames omitted
30-09-2020 21:55:16.040 [main] INFO  com.inicu.main.InicuApplication.<init> - Logger Enabled ::
30-09-2020 21:55:16.561 [main] INFO  com.inicu.main.InicuApplication.logStarting - Starting InicuApplication on LAPTOP-CECFIR4G with PID 9280 (C:\Users\monika\chil\target\classes started by monika in C:\Users\monika\chil)
30-09-2020 21:55:16.702 [main] INFO  org.springframework.boot.logging.ClasspathLoggingApplicationListener.onApplicationEvent - Application failed to start with classpath: unknown
30-09-2020 21:55:16.708 [main] ERROR org.springframework.boot.SpringApplication.run - Application startup failed
org.codehaus.groovy.GroovyBugError: BUG! UNCAUGHT EXCEPTION: java.lang.invoke.MethodHandles$Lookup.<init>(java.lang.Class,int)
	at org.codehaus.groovy.vmplugin.v7.Java7.<clinit>(Java7.java:44) ~[groovy-2.3.11.jar:2.3.11]
	at java.base/jdk.internal.reflect.NativeConstructorAccessorImpl.newInstance0(Native Method) ~[na:na]
	at java.base/jdk.internal.reflect.NativeConstructorAccessorImpl.newInstance(NativeConstructorAccessorImpl.java:62) ~[na:na]
	at java.base/jdk.internal.reflect.DelegatingConstructorAccessorImpl.newInstance(DelegatingConstructorAccessorImpl.java:45) ~[na:na]
	at java.base/java.lang.reflect.Constructor.newInstanceWithCaller(Constructor.java:500) ~[na:na]
	at java.base/java.lang.reflect.ReflectAccess.newInstance(ReflectAccess.java:124) ~[na:na]
	at java.base/jdk.internal.reflect.ReflectionFactory.newInstance(ReflectionFactory.java:346) ~[na:na]
	at java.base/java.lang.Class.newInstance(Class.java:604) ~[na:na]
	at org.codehaus.groovy.vmplugin.VMPluginFactory.createPlugin(VMPluginFactory.java:56) ~[groovy-2.3.11.jar:2.3.11]
	at org.codehaus.groovy.vmplugin.VMPluginFactory.<clinit>(VMPluginFactory.java:37) ~[groovy-2.3.11.jar:2.3.11]
	at org.codehaus.groovy.runtime.metaclass.MetaClassRegistryImpl.<init>(MetaClassRegistryImpl.java:99) ~[groovy-2.3.11.jar:2.3.11]
	at org.codehaus.groovy.runtime.metaclass.MetaClassRegistryImpl.<init>(MetaClassRegistryImpl.java:71) ~[groovy-2.3.11.jar:2.3.11]
	at groovy.lang.GroovySystem.<clinit>(GroovySystem.java:33) ~[groovy-2.3.11.jar:2.3.11]
	at org.springframework.beans.factory.groovy.GroovyBeanDefinitionReader.<init>(GroovyBeanDefinitionReader.java:151) ~[spring-beans-4.1.7.RELEASE.jar:4.1.7.RELEASE]
	at org.springframework.boot.BeanDefinitionLoader.<init>(BeanDefinitionLoader.java:84) ~[spring-boot-1.2.5.RELEASE.jar:1.2.5.RELEASE]
	at org.springframework.boot.SpringApplication.createBeanDefinitionLoader(SpringApplication.java:663) ~[spring-boot-1.2.5.RELEASE.jar:1.2.5.RELEASE]
	at org.springframework.boot.SpringApplication.load(SpringApplication.java:604) ~[spring-boot-1.2.5.RELEASE.jar:1.2.5.RELEASE]
	at org.springframework.boot.SpringApplication.run(SpringApplication.java:314) ~[spring-boot-1.2.5.RELEASE.jar:1.2.5.RELEASE]
	at org.springframework.boot.SpringApplication.run(SpringApplication.java:957) ~[spring-boot-1.2.5.RELEASE.jar:1.2.5.RELEASE]
	at org.springframework.boot.SpringApplication.run(SpringApplication.java:946) ~[spring-boot-1.2.5.RELEASE.jar:1.2.5.RELEASE]
	at com.inicu.main.InicuApplication.main(InicuApplication.java:113) ~[classes/:na]
Caused by: java.lang.NoSuchMethodException: java.lang.invoke.MethodHandles$Lookup.<init>(java.lang.Class,int)
	at java.base/java.lang.Class.getConstructor0(Class.java:3427) ~[na:na]
	at java.base/java.lang.Class.getDeclaredConstructor(Class.java:2631) ~[na:na]
	at org.codehaus.groovy.vmplugin.v7.Java7.<clinit>(Java7.java:42) ~[groovy-2.3.11.jar:2.3.11]
	... 20 common frames omitted
30-09-2020 21:55:33.229 [main] INFO  com.inicu.main.InicuApplication.<init> - Logger Enabled ::
30-09-2020 21:55:33.750 [main] INFO  com.inicu.main.InicuApplication.logStarting - Starting InicuApplication on LAPTOP-CECFIR4G with PID 19540 (C:\Users\monika\chil\target\classes started by monika in C:\Users\monika\chil)
30-09-2020 21:55:33.900 [main] INFO  org.springframework.boot.logging.ClasspathLoggingApplicationListener.onApplicationEvent - Application failed to start with classpath: unknown
30-09-2020 21:55:33.905 [main] ERROR org.springframework.boot.SpringApplication.run - Application startup failed
org.codehaus.groovy.GroovyBugError: BUG! UNCAUGHT EXCEPTION: java.lang.invoke.MethodHandles$Lookup.<init>(java.lang.Class,int)
	at org.codehaus.groovy.vmplugin.v7.Java7.<clinit>(Java7.java:44) ~[groovy-2.3.11.jar:2.3.11]
	at java.base/jdk.internal.reflect.NativeConstructorAccessorImpl.newInstance0(Native Method) ~[na:na]
	at java.base/jdk.internal.reflect.NativeConstructorAccessorImpl.newInstance(NativeConstructorAccessorImpl.java:62) ~[na:na]
	at java.base/jdk.internal.reflect.DelegatingConstructorAccessorImpl.newInstance(DelegatingConstructorAccessorImpl.java:45) ~[na:na]
	at java.base/java.lang.reflect.Constructor.newInstanceWithCaller(Constructor.java:500) ~[na:na]
	at java.base/java.lang.reflect.ReflectAccess.newInstance(ReflectAccess.java:124) ~[na:na]
	at java.base/jdk.internal.reflect.ReflectionFactory.newInstance(ReflectionFactory.java:346) ~[na:na]
	at java.base/java.lang.Class.newInstance(Class.java:604) ~[na:na]
	at org.codehaus.groovy.vmplugin.VMPluginFactory.createPlugin(VMPluginFactory.java:56) ~[groovy-2.3.11.jar:2.3.11]
	at org.codehaus.groovy.vmplugin.VMPluginFactory.<clinit>(VMPluginFactory.java:37) ~[groovy-2.3.11.jar:2.3.11]
	at org.codehaus.groovy.runtime.metaclass.MetaClassRegistryImpl.<init>(MetaClassRegistryImpl.java:99) ~[groovy-2.3.11.jar:2.3.11]
	at org.codehaus.groovy.runtime.metaclass.MetaClassRegistryImpl.<init>(MetaClassRegistryImpl.java:71) ~[groovy-2.3.11.jar:2.3.11]
	at groovy.lang.GroovySystem.<clinit>(GroovySystem.java:33) ~[groovy-2.3.11.jar:2.3.11]
	at org.springframework.beans.factory.groovy.GroovyBeanDefinitionReader.<init>(GroovyBeanDefinitionReader.java:151) ~[spring-beans-4.1.7.RELEASE.jar:4.1.7.RELEASE]
	at org.springframework.boot.BeanDefinitionLoader.<init>(BeanDefinitionLoader.java:84) ~[spring-boot-1.2.5.RELEASE.jar:1.2.5.RELEASE]
	at org.springframework.boot.SpringApplication.createBeanDefinitionLoader(SpringApplication.java:663) ~[spring-boot-1.2.5.RELEASE.jar:1.2.5.RELEASE]
	at org.springframework.boot.SpringApplication.load(SpringApplication.java:604) ~[spring-boot-1.2.5.RELEASE.jar:1.2.5.RELEASE]
	at org.springframework.boot.SpringApplication.run(SpringApplication.java:314) ~[spring-boot-1.2.5.RELEASE.jar:1.2.5.RELEASE]
	at org.springframework.boot.SpringApplication.run(SpringApplication.java:957) ~[spring-boot-1.2.5.RELEASE.jar:1.2.5.RELEASE]
	at org.springframework.boot.SpringApplication.run(SpringApplication.java:946) ~[spring-boot-1.2.5.RELEASE.jar:1.2.5.RELEASE]
	at com.inicu.main.InicuApplication.main(InicuApplication.java:113) ~[classes/:na]
Caused by: java.lang.NoSuchMethodException: java.lang.invoke.MethodHandles$Lookup.<init>(java.lang.Class,int)
	at java.base/java.lang.Class.getConstructor0(Class.java:3427) ~[na:na]
	at java.base/java.lang.Class.getDeclaredConstructor(Class.java:2631) ~[na:na]
	at org.codehaus.groovy.vmplugin.v7.Java7.<clinit>(Java7.java:42) ~[groovy-2.3.11.jar:2.3.11]
	... 20 common frames omitted
