29-09-2020 00:02:02.813 [main] INFO  com.inicu.main.InicuApplication.<init> - Logger Enabled ::
29-09-2020 00:02:03.296 [main] INFO  com.inicu.main.InicuApplication.logStarting - Starting InicuApplication on LAPTOP-CECFIR4G with PID 9548 (C:\Users\monika\chil\target\classes started by monika in C:\Users\monika\chil)
29-09-2020 00:02:03.441 [main] INFO  org.springframework.boot.logging.ClasspathLoggingApplicationListener.onApplicationEvent - Application failed to start with classpath: unknown
29-09-2020 00:02:03.448 [main] ERROR org.springframework.boot.SpringApplication.run - Application startup failed
org.codehaus.groovy.GroovyBugError: BUG! UNCAUGHT EXCEPTION: java.lang.invoke.MethodHandles$Lookup.<init>(java.lang.Class,int)
	at org.codehaus.groovy.vmplugin.v7.Java7.<clinit>(Java7.java:44) ~[groovy-2.3.11.jar:2.3.11]
	at java.base/jdk.internal.reflect.NativeConstructorAccessorImpl.newInstance0(Native Method) ~[na:na]
	at java.base/jdk.internal.reflect.NativeConstructorAccessorImpl.newInstance(NativeConstructorAccessorImpl.java:62) ~[na:na]
	at java.base/jdk.internal.reflect.DelegatingConstructorAccessorImpl.newInstance(DelegatingConstructorAccessorImpl.java:45) ~[na:na]
	at java.base/java.lang.reflect.Constructor.newInstanceWithCaller(Constructor.java:500) ~[na:na]
	at java.base/java.lang.reflect.ReflectAccess.newInstance(ReflectAccess.java:124) ~[na:na]
	at java.base/jdk.internal.reflect.ReflectionFactory.newInstance(ReflectionFactory.java:346) ~[na:na]
	at java.base/java.lang.Class.newInstance(Class.java:604) ~[na:na]
	at org.codehaus.groovy.vmplugin.VMPluginFactory.createPlugin(VMPluginFactory.java:56) ~[groovy-2.3.11.jar:2.3.11]
	at org.codehaus.groovy.vmplugin.VMPluginFactory.<clinit>(VMPluginFactory.java:37) ~[groovy-2.3.11.jar:2.3.11]
	at org.codehaus.groovy.runtime.metaclass.MetaClassRegistryImpl.<init>(MetaClassRegistryImpl.java:99) ~[groovy-2.3.11.jar:2.3.11]
	at org.codehaus.groovy.runtime.metaclass.MetaClassRegistryImpl.<init>(MetaClassRegistryImpl.java:71) ~[groovy-2.3.11.jar:2.3.11]
	at groovy.lang.GroovySystem.<clinit>(GroovySystem.java:33) ~[groovy-2.3.11.jar:2.3.11]
	at org.springframework.beans.factory.groovy.GroovyBeanDefinitionReader.<init>(GroovyBeanDefinitionReader.java:151) ~[spring-beans-4.1.7.RELEASE.jar:4.1.7.RELEASE]
	at org.springframework.boot.BeanDefinitionLoader.<init>(BeanDefinitionLoader.java:84) ~[spring-boot-1.2.5.RELEASE.jar:1.2.5.RELEASE]
	at org.springframework.boot.SpringApplication.createBeanDefinitionLoader(SpringApplication.java:663) ~[spring-boot-1.2.5.RELEASE.jar:1.2.5.RELEASE]
	at org.springframework.boot.SpringApplication.load(SpringApplication.java:604) ~[spring-boot-1.2.5.RELEASE.jar:1.2.5.RELEASE]
	at org.springframework.boot.SpringApplication.run(SpringApplication.java:314) ~[spring-boot-1.2.5.RELEASE.jar:1.2.5.RELEASE]
	at org.springframework.boot.SpringApplication.run(SpringApplication.java:957) ~[spring-boot-1.2.5.RELEASE.jar:1.2.5.RELEASE]
	at org.springframework.boot.SpringApplication.run(SpringApplication.java:946) ~[spring-boot-1.2.5.RELEASE.jar:1.2.5.RELEASE]
	at com.inicu.main.InicuApplication.main(InicuApplication.java:113) ~[classes/:na]
Caused by: java.lang.NoSuchMethodException: java.lang.invoke.MethodHandles$Lookup.<init>(java.lang.Class,int)
	at java.base/java.lang.Class.getConstructor0(Class.java:3427) ~[na:na]
	at java.base/java.lang.Class.getDeclaredConstructor(Class.java:2631) ~[na:na]
	at org.codehaus.groovy.vmplugin.v7.Java7.<clinit>(Java7.java:42) ~[groovy-2.3.11.jar:2.3.11]
	... 20 common frames omitted
29-09-2020 00:32:07.470 [main] INFO  com.inicu.main.InicuApplication.<init> - Logger Enabled ::
29-09-2020 00:32:08.066 [main] INFO  com.inicu.main.InicuApplication.logStarting - Starting InicuApplication on LAPTOP-CECFIR4G with PID 9552 (C:\Users\monika\chil\target\classes started by monika in C:\Users\monika\chil)
29-09-2020 00:32:08.258 [main] INFO  org.springframework.boot.logging.ClasspathLoggingApplicationListener.onApplicationEvent - Application failed to start with classpath: unknown
29-09-2020 00:32:08.266 [main] ERROR org.springframework.boot.SpringApplication.run - Application startup failed
org.codehaus.groovy.GroovyBugError: BUG! UNCAUGHT EXCEPTION: java.lang.invoke.MethodHandles$Lookup.<init>(java.lang.Class,int)
	at org.codehaus.groovy.vmplugin.v7.Java7.<clinit>(Java7.java:44) ~[groovy-2.3.11.jar:2.3.11]
	at java.base/jdk.internal.reflect.NativeConstructorAccessorImpl.newInstance0(Native Method) ~[na:na]
	at java.base/jdk.internal.reflect.NativeConstructorAccessorImpl.newInstance(NativeConstructorAccessorImpl.java:62) ~[na:na]
	at java.base/jdk.internal.reflect.DelegatingConstructorAccessorImpl.newInstance(DelegatingConstructorAccessorImpl.java:45) ~[na:na]
	at java.base/java.lang.reflect.Constructor.newInstanceWithCaller(Constructor.java:500) ~[na:na]
	at java.base/java.lang.reflect.ReflectAccess.newInstance(ReflectAccess.java:124) ~[na:na]
	at java.base/jdk.internal.reflect.ReflectionFactory.newInstance(ReflectionFactory.java:346) ~[na:na]
	at java.base/java.lang.Class.newInstance(Class.java:604) ~[na:na]
	at org.codehaus.groovy.vmplugin.VMPluginFactory.createPlugin(VMPluginFactory.java:56) ~[groovy-2.3.11.jar:2.3.11]
	at org.codehaus.groovy.vmplugin.VMPluginFactory.<clinit>(VMPluginFactory.java:37) ~[groovy-2.3.11.jar:2.3.11]
	at org.codehaus.groovy.runtime.metaclass.MetaClassRegistryImpl.<init>(MetaClassRegistryImpl.java:99) ~[groovy-2.3.11.jar:2.3.11]
	at org.codehaus.groovy.runtime.metaclass.MetaClassRegistryImpl.<init>(MetaClassRegistryImpl.java:71) ~[groovy-2.3.11.jar:2.3.11]
	at groovy.lang.GroovySystem.<clinit>(GroovySystem.java:33) ~[groovy-2.3.11.jar:2.3.11]
	at org.springframework.beans.factory.groovy.GroovyBeanDefinitionReader.<init>(GroovyBeanDefinitionReader.java:151) ~[spring-beans-4.1.7.RELEASE.jar:4.1.7.RELEASE]
	at org.springframework.boot.BeanDefinitionLoader.<init>(BeanDefinitionLoader.java:84) ~[spring-boot-1.2.5.RELEASE.jar:1.2.5.RELEASE]
	at org.springframework.boot.SpringApplication.createBeanDefinitionLoader(SpringApplication.java:663) ~[spring-boot-1.2.5.RELEASE.jar:1.2.5.RELEASE]
	at org.springframework.boot.SpringApplication.load(SpringApplication.java:604) ~[spring-boot-1.2.5.RELEASE.jar:1.2.5.RELEASE]
	at org.springframework.boot.SpringApplication.run(SpringApplication.java:314) ~[spring-boot-1.2.5.RELEASE.jar:1.2.5.RELEASE]
	at org.springframework.boot.SpringApplication.run(SpringApplication.java:957) ~[spring-boot-1.2.5.RELEASE.jar:1.2.5.RELEASE]
	at org.springframework.boot.SpringApplication.run(SpringApplication.java:946) ~[spring-boot-1.2.5.RELEASE.jar:1.2.5.RELEASE]
	at com.inicu.main.InicuApplication.main(InicuApplication.java:113) ~[classes/:na]
Caused by: java.lang.NoSuchMethodException: java.lang.invoke.MethodHandles$Lookup.<init>(java.lang.Class,int)
	at java.base/java.lang.Class.getConstructor0(Class.java:3427) ~[na:na]
	at java.base/java.lang.Class.getDeclaredConstructor(Class.java:2631) ~[na:na]
	at org.codehaus.groovy.vmplugin.v7.Java7.<clinit>(Java7.java:42) ~[groovy-2.3.11.jar:2.3.11]
	... 20 common frames omitted
29-09-2020 17:48:05.215 [main] INFO  com.inicu.main.InicuApplication.<init> - Logger Enabled ::
29-09-2020 17:48:05.947 [main] INFO  com.inicu.main.InicuApplication.logStarting - Starting InicuApplication on LAPTOP-CECFIR4G with PID 9392 (C:\Users\monika\chil\target\classes started by monika in C:\Users\monika\chil)
29-09-2020 17:48:06.121 [main] INFO  org.springframework.boot.logging.ClasspathLoggingApplicationListener.onApplicationEvent - Application failed to start with classpath: unknown
29-09-2020 17:48:06.125 [main] ERROR org.springframework.boot.SpringApplication.run - Application startup failed
org.codehaus.groovy.GroovyBugError: BUG! UNCAUGHT EXCEPTION: java.lang.invoke.MethodHandles$Lookup.<init>(java.lang.Class,int)
	at org.codehaus.groovy.vmplugin.v7.Java7.<clinit>(Java7.java:44) ~[groovy-2.3.11.jar:2.3.11]
	at java.base/jdk.internal.reflect.NativeConstructorAccessorImpl.newInstance0(Native Method) ~[na:na]
	at java.base/jdk.internal.reflect.NativeConstructorAccessorImpl.newInstance(NativeConstructorAccessorImpl.java:62) ~[na:na]
	at java.base/jdk.internal.reflect.DelegatingConstructorAccessorImpl.newInstance(DelegatingConstructorAccessorImpl.java:45) ~[na:na]
	at java.base/java.lang.reflect.Constructor.newInstanceWithCaller(Constructor.java:500) ~[na:na]
	at java.base/java.lang.reflect.ReflectAccess.newInstance(ReflectAccess.java:124) ~[na:na]
	at java.base/jdk.internal.reflect.ReflectionFactory.newInstance(ReflectionFactory.java:346) ~[na:na]
	at java.base/java.lang.Class.newInstance(Class.java:604) ~[na:na]
	at org.codehaus.groovy.vmplugin.VMPluginFactory.createPlugin(VMPluginFactory.java:56) ~[groovy-2.3.11.jar:2.3.11]
	at org.codehaus.groovy.vmplugin.VMPluginFactory.<clinit>(VMPluginFactory.java:37) ~[groovy-2.3.11.jar:2.3.11]
	at org.codehaus.groovy.runtime.metaclass.MetaClassRegistryImpl.<init>(MetaClassRegistryImpl.java:99) ~[groovy-2.3.11.jar:2.3.11]
	at org.codehaus.groovy.runtime.metaclass.MetaClassRegistryImpl.<init>(MetaClassRegistryImpl.java:71) ~[groovy-2.3.11.jar:2.3.11]
	at groovy.lang.GroovySystem.<clinit>(GroovySystem.java:33) ~[groovy-2.3.11.jar:2.3.11]
	at org.springframework.beans.factory.groovy.GroovyBeanDefinitionReader.<init>(GroovyBeanDefinitionReader.java:151) ~[spring-beans-4.1.7.RELEASE.jar:4.1.7.RELEASE]
	at org.springframework.boot.BeanDefinitionLoader.<init>(BeanDefinitionLoader.java:84) ~[spring-boot-1.2.5.RELEASE.jar:1.2.5.RELEASE]
	at org.springframework.boot.SpringApplication.createBeanDefinitionLoader(SpringApplication.java:663) ~[spring-boot-1.2.5.RELEASE.jar:1.2.5.RELEASE]
	at org.springframework.boot.SpringApplication.load(SpringApplication.java:604) ~[spring-boot-1.2.5.RELEASE.jar:1.2.5.RELEASE]
	at org.springframework.boot.SpringApplication.run(SpringApplication.java:314) ~[spring-boot-1.2.5.RELEASE.jar:1.2.5.RELEASE]
	at org.springframework.boot.SpringApplication.run(SpringApplication.java:957) ~[spring-boot-1.2.5.RELEASE.jar:1.2.5.RELEASE]
	at org.springframework.boot.SpringApplication.run(SpringApplication.java:946) ~[spring-boot-1.2.5.RELEASE.jar:1.2.5.RELEASE]
	at com.inicu.main.InicuApplication.main(InicuApplication.java:113) ~[classes/:na]
Caused by: java.lang.NoSuchMethodException: java.lang.invoke.MethodHandles$Lookup.<init>(java.lang.Class,int)
	at java.base/java.lang.Class.getConstructor0(Class.java:3427) ~[na:na]
	at java.base/java.lang.Class.getDeclaredConstructor(Class.java:2631) ~[na:na]
	at org.codehaus.groovy.vmplugin.v7.Java7.<clinit>(Java7.java:42) ~[groovy-2.3.11.jar:2.3.11]
	... 20 common frames omitted
29-09-2020 21:43:48.533 [main] INFO  com.inicu.main.InicuApplication.<init> - Logger Enabled ::
29-09-2020 21:43:49.125 [main] INFO  com.inicu.main.InicuApplication.logStarting - Starting InicuApplication on LAPTOP-CECFIR4G with PID 8368 (C:\Users\monika\chil\target\classes started by monika in C:\Users\monika\chil)
29-09-2020 21:43:49.266 [main] INFO  org.springframework.boot.logging.ClasspathLoggingApplicationListener.onApplicationEvent - Application failed to start with classpath: unknown
29-09-2020 21:43:49.270 [main] ERROR org.springframework.boot.SpringApplication.run - Application startup failed
org.codehaus.groovy.GroovyBugError: BUG! UNCAUGHT EXCEPTION: java.lang.invoke.MethodHandles$Lookup.<init>(java.lang.Class,int)
	at org.codehaus.groovy.vmplugin.v7.Java7.<clinit>(Java7.java:44) ~[groovy-2.3.11.jar:2.3.11]
	at java.base/jdk.internal.reflect.NativeConstructorAccessorImpl.newInstance0(Native Method) ~[na:na]
	at java.base/jdk.internal.reflect.NativeConstructorAccessorImpl.newInstance(NativeConstructorAccessorImpl.java:62) ~[na:na]
	at java.base/jdk.internal.reflect.DelegatingConstructorAccessorImpl.newInstance(DelegatingConstructorAccessorImpl.java:45) ~[na:na]
	at java.base/java.lang.reflect.Constructor.newInstanceWithCaller(Constructor.java:500) ~[na:na]
	at java.base/java.lang.reflect.ReflectAccess.newInstance(ReflectAccess.java:124) ~[na:na]
	at java.base/jdk.internal.reflect.ReflectionFactory.newInstance(ReflectionFactory.java:346) ~[na:na]
	at java.base/java.lang.Class.newInstance(Class.java:604) ~[na:na]
	at org.codehaus.groovy.vmplugin.VMPluginFactory.createPlugin(VMPluginFactory.java:56) ~[groovy-2.3.11.jar:2.3.11]
	at org.codehaus.groovy.vmplugin.VMPluginFactory.<clinit>(VMPluginFactory.java:37) ~[groovy-2.3.11.jar:2.3.11]
	at org.codehaus.groovy.runtime.metaclass.MetaClassRegistryImpl.<init>(MetaClassRegistryImpl.java:99) ~[groovy-2.3.11.jar:2.3.11]
	at org.codehaus.groovy.runtime.metaclass.MetaClassRegistryImpl.<init>(MetaClassRegistryImpl.java:71) ~[groovy-2.3.11.jar:2.3.11]
	at groovy.lang.GroovySystem.<clinit>(GroovySystem.java:33) ~[groovy-2.3.11.jar:2.3.11]
	at org.springframework.beans.factory.groovy.GroovyBeanDefinitionReader.<init>(GroovyBeanDefinitionReader.java:151) ~[spring-beans-4.1.7.RELEASE.jar:4.1.7.RELEASE]
	at org.springframework.boot.BeanDefinitionLoader.<init>(BeanDefinitionLoader.java:84) ~[spring-boot-1.2.5.RELEASE.jar:1.2.5.RELEASE]
	at org.springframework.boot.SpringApplication.createBeanDefinitionLoader(SpringApplication.java:663) ~[spring-boot-1.2.5.RELEASE.jar:1.2.5.RELEASE]
	at org.springframework.boot.SpringApplication.load(SpringApplication.java:604) ~[spring-boot-1.2.5.RELEASE.jar:1.2.5.RELEASE]
	at org.springframework.boot.SpringApplication.run(SpringApplication.java:314) ~[spring-boot-1.2.5.RELEASE.jar:1.2.5.RELEASE]
	at org.springframework.boot.SpringApplication.run(SpringApplication.java:957) ~[spring-boot-1.2.5.RELEASE.jar:1.2.5.RELEASE]
	at org.springframework.boot.SpringApplication.run(SpringApplication.java:946) ~[spring-boot-1.2.5.RELEASE.jar:1.2.5.RELEASE]
	at com.inicu.main.InicuApplication.main(InicuApplication.java:113) ~[classes/:na]
Caused by: java.lang.NoSuchMethodException: java.lang.invoke.MethodHandles$Lookup.<init>(java.lang.Class,int)
	at java.base/java.lang.Class.getConstructor0(Class.java:3427) ~[na:na]
	at java.base/java.lang.Class.getDeclaredConstructor(Class.java:2631) ~[na:na]
	at org.codehaus.groovy.vmplugin.v7.Java7.<clinit>(Java7.java:42) ~[groovy-2.3.11.jar:2.3.11]
	... 20 common frames omitted
29-09-2020 21:44:27.414 [main] INFO  com.inicu.main.InicuApplication.<init> - Logger Enabled ::
29-09-2020 21:44:27.917 [main] INFO  com.inicu.main.InicuApplication.logStarting - Starting InicuApplication on LAPTOP-CECFIR4G with PID 15516 (C:\Users\monika\chil\target\classes started by monika in C:\Users\monika\chil)
29-09-2020 21:44:28.075 [main] INFO  org.springframework.boot.logging.ClasspathLoggingApplicationListener.onApplicationEvent - Application failed to start with classpath: unknown
29-09-2020 21:44:28.080 [main] ERROR org.springframework.boot.SpringApplication.run - Application startup failed
org.codehaus.groovy.GroovyBugError: BUG! UNCAUGHT EXCEPTION: java.lang.invoke.MethodHandles$Lookup.<init>(java.lang.Class,int)
	at org.codehaus.groovy.vmplugin.v7.Java7.<clinit>(Java7.java:44) ~[groovy-2.3.11.jar:2.3.11]
	at java.base/jdk.internal.reflect.NativeConstructorAccessorImpl.newInstance0(Native Method) ~[na:na]
	at java.base/jdk.internal.reflect.NativeConstructorAccessorImpl.newInstance(NativeConstructorAccessorImpl.java:62) ~[na:na]
	at java.base/jdk.internal.reflect.DelegatingConstructorAccessorImpl.newInstance(DelegatingConstructorAccessorImpl.java:45) ~[na:na]
	at java.base/java.lang.reflect.Constructor.newInstanceWithCaller(Constructor.java:500) ~[na:na]
	at java.base/java.lang.reflect.ReflectAccess.newInstance(ReflectAccess.java:124) ~[na:na]
	at java.base/jdk.internal.reflect.ReflectionFactory.newInstance(ReflectionFactory.java:346) ~[na:na]
	at java.base/java.lang.Class.newInstance(Class.java:604) ~[na:na]
	at org.codehaus.groovy.vmplugin.VMPluginFactory.createPlugin(VMPluginFactory.java:56) ~[groovy-2.3.11.jar:2.3.11]
	at org.codehaus.groovy.vmplugin.VMPluginFactory.<clinit>(VMPluginFactory.java:37) ~[groovy-2.3.11.jar:2.3.11]
	at org.codehaus.groovy.runtime.metaclass.MetaClassRegistryImpl.<init>(MetaClassRegistryImpl.java:99) ~[groovy-2.3.11.jar:2.3.11]
	at org.codehaus.groovy.runtime.metaclass.MetaClassRegistryImpl.<init>(MetaClassRegistryImpl.java:71) ~[groovy-2.3.11.jar:2.3.11]
	at groovy.lang.GroovySystem.<clinit>(GroovySystem.java:33) ~[groovy-2.3.11.jar:2.3.11]
	at org.springframework.beans.factory.groovy.GroovyBeanDefinitionReader.<init>(GroovyBeanDefinitionReader.java:151) ~[spring-beans-4.1.7.RELEASE.jar:4.1.7.RELEASE]
	at org.springframework.boot.BeanDefinitionLoader.<init>(BeanDefinitionLoader.java:84) ~[spring-boot-1.2.5.RELEASE.jar:1.2.5.RELEASE]
	at org.springframework.boot.SpringApplication.createBeanDefinitionLoader(SpringApplication.java:663) ~[spring-boot-1.2.5.RELEASE.jar:1.2.5.RELEASE]
	at org.springframework.boot.SpringApplication.load(SpringApplication.java:604) ~[spring-boot-1.2.5.RELEASE.jar:1.2.5.RELEASE]
	at org.springframework.boot.SpringApplication.run(SpringApplication.java:314) ~[spring-boot-1.2.5.RELEASE.jar:1.2.5.RELEASE]
	at org.springframework.boot.SpringApplication.run(SpringApplication.java:957) ~[spring-boot-1.2.5.RELEASE.jar:1.2.5.RELEASE]
	at org.springframework.boot.SpringApplication.run(SpringApplication.java:946) ~[spring-boot-1.2.5.RELEASE.jar:1.2.5.RELEASE]
	at com.inicu.main.InicuApplication.main(InicuApplication.java:113) ~[classes/:na]
Caused by: java.lang.NoSuchMethodException: java.lang.invoke.MethodHandles$Lookup.<init>(java.lang.Class,int)
	at java.base/java.lang.Class.getConstructor0(Class.java:3427) ~[na:na]
	at java.base/java.lang.Class.getDeclaredConstructor(Class.java:2631) ~[na:na]
	at org.codehaus.groovy.vmplugin.v7.Java7.<clinit>(Java7.java:42) ~[groovy-2.3.11.jar:2.3.11]
	... 20 common frames omitted
29-09-2020 22:48:16.414 [main] INFO  com.inicu.main.InicuApplication.<init> - Logger Enabled ::
29-09-2020 22:48:16.894 [main] INFO  com.inicu.main.InicuApplication.logStarting - Starting InicuApplication on LAPTOP-CECFIR4G with PID 8588 (C:\Users\monika\chil\target\classes started by monika in C:\Users\monika\chil)
29-09-2020 22:48:17.078 [main] INFO  org.springframework.boot.logging.ClasspathLoggingApplicationListener.onApplicationEvent - Application failed to start with classpath: unknown
29-09-2020 22:48:17.082 [main] ERROR org.springframework.boot.SpringApplication.run - Application startup failed
org.codehaus.groovy.GroovyBugError: BUG! UNCAUGHT EXCEPTION: java.lang.invoke.MethodHandles$Lookup.<init>(java.lang.Class,int)
	at org.codehaus.groovy.vmplugin.v7.Java7.<clinit>(Java7.java:44) ~[groovy-2.3.11.jar:2.3.11]
	at java.base/jdk.internal.reflect.NativeConstructorAccessorImpl.newInstance0(Native Method) ~[na:na]
	at java.base/jdk.internal.reflect.NativeConstructorAccessorImpl.newInstance(NativeConstructorAccessorImpl.java:62) ~[na:na]
	at java.base/jdk.internal.reflect.DelegatingConstructorAccessorImpl.newInstance(DelegatingConstructorAccessorImpl.java:45) ~[na:na]
	at java.base/java.lang.reflect.Constructor.newInstanceWithCaller(Constructor.java:500) ~[na:na]
	at java.base/java.lang.reflect.ReflectAccess.newInstance(ReflectAccess.java:124) ~[na:na]
	at java.base/jdk.internal.reflect.ReflectionFactory.newInstance(ReflectionFactory.java:346) ~[na:na]
	at java.base/java.lang.Class.newInstance(Class.java:604) ~[na:na]
	at org.codehaus.groovy.vmplugin.VMPluginFactory.createPlugin(VMPluginFactory.java:56) ~[groovy-2.3.11.jar:2.3.11]
	at org.codehaus.groovy.vmplugin.VMPluginFactory.<clinit>(VMPluginFactory.java:37) ~[groovy-2.3.11.jar:2.3.11]
	at org.codehaus.groovy.runtime.metaclass.MetaClassRegistryImpl.<init>(MetaClassRegistryImpl.java:99) ~[groovy-2.3.11.jar:2.3.11]
	at org.codehaus.groovy.runtime.metaclass.MetaClassRegistryImpl.<init>(MetaClassRegistryImpl.java:71) ~[groovy-2.3.11.jar:2.3.11]
	at groovy.lang.GroovySystem.<clinit>(GroovySystem.java:33) ~[groovy-2.3.11.jar:2.3.11]
	at org.springframework.beans.factory.groovy.GroovyBeanDefinitionReader.<init>(GroovyBeanDefinitionReader.java:151) ~[spring-beans-4.1.7.RELEASE.jar:4.1.7.RELEASE]
	at org.springframework.boot.BeanDefinitionLoader.<init>(BeanDefinitionLoader.java:84) ~[spring-boot-1.2.5.RELEASE.jar:1.2.5.RELEASE]
	at org.springframework.boot.SpringApplication.createBeanDefinitionLoader(SpringApplication.java:663) ~[spring-boot-1.2.5.RELEASE.jar:1.2.5.RELEASE]
	at org.springframework.boot.SpringApplication.load(SpringApplication.java:604) ~[spring-boot-1.2.5.RELEASE.jar:1.2.5.RELEASE]
	at org.springframework.boot.SpringApplication.run(SpringApplication.java:314) ~[spring-boot-1.2.5.RELEASE.jar:1.2.5.RELEASE]
	at org.springframework.boot.SpringApplication.run(SpringApplication.java:957) ~[spring-boot-1.2.5.RELEASE.jar:1.2.5.RELEASE]
	at org.springframework.boot.SpringApplication.run(SpringApplication.java:946) ~[spring-boot-1.2.5.RELEASE.jar:1.2.5.RELEASE]
	at com.inicu.main.InicuApplication.main(InicuApplication.java:113) ~[classes/:na]
Caused by: java.lang.NoSuchMethodException: java.lang.invoke.MethodHandles$Lookup.<init>(java.lang.Class,int)
	at java.base/java.lang.Class.getConstructor0(Class.java:3427) ~[na:na]
	at java.base/java.lang.Class.getDeclaredConstructor(Class.java:2631) ~[na:na]
	at org.codehaus.groovy.vmplugin.v7.Java7.<clinit>(Java7.java:42) ~[groovy-2.3.11.jar:2.3.11]
	... 20 common frames omitted
